<?xml version="1.0" encoding="UTF-8"?>
<!-- Generated by org.testng.reporters.JUnitReportReporter -->
<testsuite hostname="LAPTOP-DOK5TEHQ" failures="0" tests="4" name="com.w2aTestSite2.OpenBrowser" time="19.177" errors="0" timestamp="10 Jan 2019 10:48:49 GMT" skipped="0">
  <testcase classname="com.w2aTestSite2.OpenBrowser" name="localPath" time="0.030"/>
  <testcase classname="com.w2aTestSite2.OpenBrowser" name="setPath" time="4.938"/>
  <testcase classname="com.w2aTestSite2.OpenBrowser" name="getBorwser" time="1.276"/>
  <testcase classname="com.w2aTestSite2.OpenBrowser" name="closeBorwser" time="12.933"/>
</testsuite> <!-- com.w2aTestSite2.OpenBrowser -->
