<?xml version="1.0" encoding="UTF-8"?>
<!-- Generated by org.testng.reporters.JUnitReportReporter -->
<testsuite hostname="LAPTOP-DOK5TEHQ" failures="0" tests="1" name="W2A.w2aTestSiteBanking" time="18.013" errors="0" timestamp="15 Jan 2019 23:24:45 GMT" skipped="0">
  <testcase classname="W2A.w2aTestSiteBanking" name="bankingPage" time="18.013"/>
</testsuite> <!-- W2A.w2aTestSiteBanking -->
