<?xml version="1.0" encoding="UTF-8"?>
<!-- Generated by org.testng.reporters.JUnitReportReporter -->
<testsuite hostname="LAPTOP-DOK5TEHQ" failures="0" tests="4" name="W2A.w2aOpenHomePage" time="19.165" errors="0" timestamp="16 Jan 2019 21:31:03 GMT" skipped="0">
  <testcase classname="W2A.w2aOpenHomePage" name="openHomepage" time="8.589"/>
  <testcase classname="W2A.w2aOpenHomePage" name="goToTestMenu" time="2.156"/>
  <testcase classname="W2A.w2aOpenHomePage" name="goToTestSite" time="5.523"/>
  <testcase classname="W2A.w2aOpenHomePage" name="cleanUp" time="2.897"/>
</testsuite> <!-- W2A.w2aOpenHomePage -->
