<?xml version="1.0" encoding="UTF-8"?>
<!-- Generated by org.testng.reporters.JUnitReportReporter -->
<testsuite hostname="LAPTOP-DOK5TEHQ" failures="0" tests="1" name="W2A.w2aWindowHandlesWins" time="23.655" errors="0" timestamp="15 Jan 2019 09:29:48 GMT" skipped="0">
  <testcase classname="W2A.w2aWindowHandlesWins" name="changeWin" time="23.655"/>
</testsuite> <!-- W2A.w2aWindowHandlesWins -->
