<?xml version="1.0" encoding="UTF-8"?>
<!-- Generated by org.testng.reporters.JUnitReportReporter -->
<testsuite hostname="LAPTOP-DOK5TEHQ" failures="0" tests="1" name="ZroughWork" time="3.277" errors="0" timestamp="14 Jan 2019 17:24:33 GMT" skipped="0">
  <testcase classname="ZroughWork" name="test" time="3.277"/>
</testsuite> <!-- ZroughWork -->
