<?xml version="1.0" encoding="UTF-8"?>
<!-- Generated by org.testng.reporters.JUnitReportReporter -->
<testsuite hostname="LAPTOP-DOK5TEHQ" failures="0" tests="1" name="W2A.w2aImpleciteWait" time="12.874" errors="0" timestamp="13 Jan 2019 20:41:52 GMT" skipped="0">
  <testcase classname="W2A.w2aImpleciteWait" name="TestWait" time="12.874"/>
</testsuite> <!-- W2A.w2aImpleciteWait -->
