<?xml version="1.0" encoding="UTF-8"?>
<!-- Generated by org.testng.reporters.JUnitReportReporter -->
<testsuite hostname="LAPTOP-DOK5TEHQ" failures="0" tests="1" name="W2A.w2aWindowHandles" time="79.417" errors="0" timestamp="15 Jan 2019 09:01:37 GMT" skipped="0">
  <testcase classname="W2A.w2aWindowHandles" name="winHanldes" time="79.417"/>
</testsuite> <!-- W2A.w2aWindowHandles -->
