<?xml version="1.0" encoding="UTF-8"?>
<!-- Generated by org.testng.reporters.JUnitReportReporter -->
<testsuite hostname="LAPTOP-DOK5TEHQ" failures="0" tests="4" name="W2A.w2aExplicitWait" time="14.233" errors="0" timestamp="14 Jan 2019 01:49:29 GMT" skipped="0">
  <testcase classname="W2A.w2aExplicitWait" name="openHomepage" time="7.671"/>
  <testcase classname="W2A.w2aExplicitWait" name="goToTestMenu" time="0.071"/>
  <testcase classname="W2A.w2aExplicitWait" name="goToTestSite" time="3.578"/>
  <testcase classname="W2A.w2aExplicitWait" name="cleanUp" time="2.913"/>
</testsuite> <!-- W2A.w2aExplicitWait -->
