<?xml version="1.0" encoding="UTF-8"?>
<!-- Generated by org.testng.reporters.JUnitReportReporter -->
<testsuite hostname="LAPTOP-DOK5TEHQ" failures="0" tests="1" name="w2aOpenHomePage" time="13.140" errors="0" timestamp="13 Jan 2019 20:18:09 GMT" skipped="0">
  <testcase classname="w2aOpenHomePage" name="openHomepage" time="13.140"/>
</testsuite> <!-- w2aOpenHomePage -->
