<?xml version="1.0" encoding="UTF-8"?>
<!-- Generated by org.testng.reporters.JUnitReportReporter -->
<testsuite hostname="LAPTOP-DOK5TEHQ" failures="0" tests="1" name="W2A.w2aTestSiteScrollDownNUp" time="18.306" errors="0" timestamp="14 Jan 2019 11:02:38 GMT" skipped="0">
  <testcase classname="W2A.w2aTestSiteScrollDownNUp" name="browserUp" time="18.306"/>
</testsuite> <!-- W2A.w2aTestSiteScrollDownNUp -->
