<?xml version="1.0" encoding="UTF-8"?>
<!-- Generated by org.testng.reporters.JUnitReportReporter -->
<testsuite hostname="LAPTOP-DOK5TEHQ" failures="0" tests="1" name="com.w2aTestSite2.SetUpSendGetValue" time="1.445" errors="0" timestamp="10 Jan 2019 23:27:50 GMT" skipped="0">
  <testcase classname="com.w2aTestSite2.SetUpSendGetValue" name="Test" time="1.445"/>
</testsuite> <!-- com.w2aTestSite2.SetUpSendGetValue -->
