<?xml version="1.0" encoding="UTF-8"?>
<!-- Generated by org.testng.reporters.JUnitReportReporter -->
<testsuite hostname="LAPTOP-DOK5TEHQ" failures="0" tests="1" name="W2A.w2aTestSiteCalculator" time="28.384" errors="0" timestamp="15 Jan 2019 20:48:23 GMT" skipped="0">
  <testcase classname="W2A.w2aTestSiteCalculator" name="browserUp" time="28.384"/>
</testsuite> <!-- W2A.w2aTestSiteCalculator -->
