<?xml version="1.0" encoding="UTF-8"?>
<!-- Generated by org.testng.reporters.JUnitReportReporter -->
<testsuite hostname="LAPTOP-DOK5TEHQ" failures="0" tests="1" name="com.w2aTestSite2.SetUp" time="9.058" errors="0" timestamp="10 Jan 2019 14:30:03 GMT" skipped="0">
  <testcase classname="com.w2aTestSite2.SetUp" name="Test" time="9.058"/>
</testsuite> <!-- com.w2aTestSite2.SetUp -->
