<?xml version="1.0" encoding="UTF-8"?>
<!-- Generated by org.testng.reporters.JUnitReportReporter -->
<testsuite hostname="LAPTOP-DOK5TEHQ" failures="0" tests="1" name="W2A.w2aTestSiteDataTable" time="24.241" errors="0" timestamp="16 Jan 2019 23:07:25 GMT" skipped="0">
  <testcase classname="W2A.w2aTestSiteDataTable" name="webTables" time="24.241"/>
</testsuite> <!-- W2A.w2aTestSiteDataTable -->
