<?xml version="1.0" encoding="UTF-8"?>
<!-- Generated by org.testng.reporters.JUnitReportReporter -->
<testsuite hostname="LAPTOP-DOK5TEHQ" failures="0" tests="1" name="W2A.w2aNavigateToTestSite" time="13.822" errors="0" timestamp="16 Jan 2019 21:32:41 GMT" skipped="0">
  <testcase classname="W2A.w2aNavigateToTestSite" name="openHomepage" time="13.822"/>
</testsuite> <!-- W2A.w2aNavigateToTestSite -->
